Created by PLY version 3.11 (http://www.dabeaz.com/ply)

Unused terminals:

    IF
    LE
    PP
    WHILE

Grammar

Rule 0     S' -> Term
Rule 1     Term -> Term MulOp Factor
Rule 2     Term -> Factor
Rule 3     MulOp -> *
Rule 4     MulOp -> /
Rule 5     MulOp -> %
Rule 6     Factor -> Primary
Rule 7     Primary -> ID
Rule 8     Primary -> INTLIT
Rule 9     Primary -> FLOATLIT
Rule 10    Primary -> ( Term )

Terminals, with rules where they appear

%                    : 5
(                    : 10
)                    : 10
*                    : 3
/                    : 4
FLOATLIT             : 9
ID                   : 7
IF                   : 
INTLIT               : 8
LE                   : 
PP                   : 
WHILE                : 
error                : 

Nonterminals, with rules where they appear

Factor               : 1 2
MulOp                : 1
Primary              : 6
Term                 : 1 10 0

Parsing method: LALR

state 0

    (0) S' -> . Term
    (1) Term -> . Term MulOp Factor
    (2) Term -> . Factor
    (6) Factor -> . Primary
    (7) Primary -> . ID
    (8) Primary -> . INTLIT
    (9) Primary -> . FLOATLIT
    (10) Primary -> . ( Term )

    ID              shift and go to state 4
    INTLIT          shift and go to state 5
    FLOATLIT        shift and go to state 6
    (               shift and go to state 7

    Term                           shift and go to state 1
    Factor                         shift and go to state 2
    Primary                        shift and go to state 3

state 1

    (0) S' -> Term .
    (1) Term -> Term . MulOp Factor
    (3) MulOp -> . *
    (4) MulOp -> . /
    (5) MulOp -> . %

    *               shift and go to state 9
    /               shift and go to state 10
    %               shift and go to state 11

    MulOp                          shift and go to state 8

state 2

    (2) Term -> Factor .

    *               reduce using rule 2 (Term -> Factor .)
    /               reduce using rule 2 (Term -> Factor .)
    %               reduce using rule 2 (Term -> Factor .)
    $end            reduce using rule 2 (Term -> Factor .)
    )               reduce using rule 2 (Term -> Factor .)


state 3

    (6) Factor -> Primary .

    *               reduce using rule 6 (Factor -> Primary .)
    /               reduce using rule 6 (Factor -> Primary .)
    %               reduce using rule 6 (Factor -> Primary .)
    $end            reduce using rule 6 (Factor -> Primary .)
    )               reduce using rule 6 (Factor -> Primary .)


state 4

    (7) Primary -> ID .

    *               reduce using rule 7 (Primary -> ID .)
    /               reduce using rule 7 (Primary -> ID .)
    %               reduce using rule 7 (Primary -> ID .)
    $end            reduce using rule 7 (Primary -> ID .)
    )               reduce using rule 7 (Primary -> ID .)


state 5

    (8) Primary -> INTLIT .

    *               reduce using rule 8 (Primary -> INTLIT .)
    /               reduce using rule 8 (Primary -> INTLIT .)
    %               reduce using rule 8 (Primary -> INTLIT .)
    $end            reduce using rule 8 (Primary -> INTLIT .)
    )               reduce using rule 8 (Primary -> INTLIT .)


state 6

    (9) Primary -> FLOATLIT .

    *               reduce using rule 9 (Primary -> FLOATLIT .)
    /               reduce using rule 9 (Primary -> FLOATLIT .)
    %               reduce using rule 9 (Primary -> FLOATLIT .)
    $end            reduce using rule 9 (Primary -> FLOATLIT .)
    )               reduce using rule 9 (Primary -> FLOATLIT .)


state 7

    (10) Primary -> ( . Term )
    (1) Term -> . Term MulOp Factor
    (2) Term -> . Factor
    (6) Factor -> . Primary
    (7) Primary -> . ID
    (8) Primary -> . INTLIT
    (9) Primary -> . FLOATLIT
    (10) Primary -> . ( Term )

    ID              shift and go to state 4
    INTLIT          shift and go to state 5
    FLOATLIT        shift and go to state 6
    (               shift and go to state 7

    Term                           shift and go to state 12
    Factor                         shift and go to state 2
    Primary                        shift and go to state 3

state 8

    (1) Term -> Term MulOp . Factor
    (6) Factor -> . Primary
    (7) Primary -> . ID
    (8) Primary -> . INTLIT
    (9) Primary -> . FLOATLIT
    (10) Primary -> . ( Term )

    ID              shift and go to state 4
    INTLIT          shift and go to state 5
    FLOATLIT        shift and go to state 6
    (               shift and go to state 7

    Factor                         shift and go to state 13
    Primary                        shift and go to state 3

state 9

    (3) MulOp -> * .

    ID              reduce using rule 3 (MulOp -> * .)
    INTLIT          reduce using rule 3 (MulOp -> * .)
    FLOATLIT        reduce using rule 3 (MulOp -> * .)
    (               reduce using rule 3 (MulOp -> * .)


state 10

    (4) MulOp -> / .

    ID              reduce using rule 4 (MulOp -> / .)
    INTLIT          reduce using rule 4 (MulOp -> / .)
    FLOATLIT        reduce using rule 4 (MulOp -> / .)
    (               reduce using rule 4 (MulOp -> / .)


state 11

    (5) MulOp -> % .

    ID              reduce using rule 5 (MulOp -> % .)
    INTLIT          reduce using rule 5 (MulOp -> % .)
    FLOATLIT        reduce using rule 5 (MulOp -> % .)
    (               reduce using rule 5 (MulOp -> % .)


state 12

    (10) Primary -> ( Term . )
    (1) Term -> Term . MulOp Factor
    (3) MulOp -> . *
    (4) MulOp -> . /
    (5) MulOp -> . %

    )               shift and go to state 14
    *               shift and go to state 9
    /               shift and go to state 10
    %               shift and go to state 11

    MulOp                          shift and go to state 8

state 13

    (1) Term -> Term MulOp Factor .

    *               reduce using rule 1 (Term -> Term MulOp Factor .)
    /               reduce using rule 1 (Term -> Term MulOp Factor .)
    %               reduce using rule 1 (Term -> Term MulOp Factor .)
    $end            reduce using rule 1 (Term -> Term MulOp Factor .)
    )               reduce using rule 1 (Term -> Term MulOp Factor .)


state 14

    (10) Primary -> ( Term ) .

    *               reduce using rule 10 (Primary -> ( Term ) .)
    /               reduce using rule 10 (Primary -> ( Term ) .)
    %               reduce using rule 10 (Primary -> ( Term ) .)
    $end            reduce using rule 10 (Primary -> ( Term ) .)
    )               reduce using rule 10 (Primary -> ( Term ) .)

